{"numFailedTestSuites":1,"numFailedTests":1,"numPassedTestSuites":0,"numPassedTests":0,"numPendingTestSuites":0,"numPendingTests":0,"numRuntimeErrorTestSuites":0,"numTodoTests":0,"numTotalTestSuites":1,"numTotalTests":1,"openHandles":[],"snapshot":{"added":0,"didUpdate":false,"failure":false,"filesAdded":0,"filesRemoved":0,"filesRemovedList":[],"filesUnmatched":0,"filesUpdated":0,"matched":0,"total":0,"unchecked":0,"uncheckedKeysByFile":[],"unmatched":0,"updated":0},"startTime":1770568364129,"success":false,"testResults":[{"assertionResults":[{"ancestorTitles":["AppController (e2e)"],"duration":1010,"failing":false,"failureDetails":[{}],"failureMessages":["Error: expected 200 \"OK\", got 404 \"Not Found\"\n    at Object.<anonymous> (C:\\Users\\kelto\\OneDrive\\Bureau\\Projects\\event-booking-app\\backend\\test\\app.e2e-spec.ts:22:8)\n    at Promise.finally.completed (C:\\Users\\kelto\\OneDrive\\Bureau\\Projects\\event-booking-app\\backend\\node_modules\\jest-circus\\build\\jestAdapterInit.js:1557:28)\n    at new Promise (<anonymous>)\n    at callAsyncCircusFn (C:\\Users\\kelto\\OneDrive\\Bureau\\Projects\\event-booking-app\\backend\\node_modules\\jest-circus\\build\\jestAdapterInit.js:1497:10)\n    at _callCircusTest (C:\\Users\\kelto\\OneDrive\\Bureau\\Projects\\event-booking-app\\backend\\node_modules\\jest-circus\\build\\jestAdapterInit.js:1007:40)\n    at processTicksAndRejections (node:internal/process/task_queues:103:5)\n    at _runTest (C:\\Users\\kelto\\OneDrive\\Bureau\\Projects\\event-booking-app\\backend\\node_modules\\jest-circus\\build\\jestAdapterInit.js:947:3)\n    at C:\\Users\\kelto\\OneDrive\\Bureau\\Projects\\event-booking-app\\backend\\node_modules\\jest-circus\\build\\jestAdapterInit.js:849:7\n    at _runTestsForDescribeBlock (C:\\Users\\kelto\\OneDrive\\Bureau\\Projects\\event-booking-app\\backend\\node_modules\\jest-circus\\build\\jestAdapterInit.js:862:11)\n    at _runTestsForDescribeBlock (C:\\Users\\kelto\\OneDrive\\Bureau\\Projects\\event-booking-app\\backend\\node_modules\\jest-circus\\build\\jestAdapterInit.js:857:11)\n    at run (C:\\Users\\kelto\\OneDrive\\Bureau\\Projects\\event-booking-app\\backend\\node_modules\\jest-circus\\build\\jestAdapterInit.js:761:3)\n    at runAndTransformResultsToJestFormat (C:\\Users\\kelto\\OneDrive\\Bureau\\Projects\\event-booking-app\\backend\\node_modules\\jest-circus\\build\\jestAdapterInit.js:1918:21)\n    at jestAdapter (C:\\Users\\kelto\\OneDrive\\Bureau\\Projects\\event-booking-app\\backend\\node_modules\\jest-circus\\build\\runner.js:101:19)\n    at runTestInternal (C:\\Users\\kelto\\OneDrive\\Bureau\\Projects\\event-booking-app\\backend\\node_modules\\jest-runner\\build\\index.js:275:16)\n    at runTest (C:\\Users\\kelto\\OneDrive\\Bureau\\Projects\\event-booking-app\\backend\\node_modules\\jest-runner\\build\\index.js:343:7)\n----\n    at Test._assertStatus (C:\\Users\\kelto\\OneDrive\\Bureau\\Projects\\event-booking-app\\backend\\node_modules\\supertest\\lib\\test.js:309:14)\n    at C:\\Users\\kelto\\OneDrive\\Bureau\\Projects\\event-booking-app\\backend\\node_modules\\supertest\\lib\\test.js:365:13\n    at Test._assertFunction (C:\\Users\\kelto\\OneDrive\\Bureau\\Projects\\event-booking-app\\backend\\node_modules\\supertest\\lib\\test.js:342:13)\n    at Test.assert (C:\\Users\\kelto\\OneDrive\\Bureau\\Projects\\event-booking-app\\backend\\node_modules\\supertest\\lib\\test.js:195:23)\n    at localAssert (C:\\Users\\kelto\\OneDrive\\Bureau\\Projects\\event-booking-app\\backend\\node_modules\\supertest\\lib\\test.js:138:14)\n    at Server.<anonymous> (C:\\Users\\kelto\\OneDrive\\Bureau\\Projects\\event-booking-app\\backend\\node_modules\\supertest\\lib\\test.js:152:11)\n    at Object.onceWrapper (node:events:622:28)\n    at Server.emit (node:events:508:28)\n    at emitCloseNT (node:net:2419:8)\n    at processTicksAndRejections (node:internal/process/task_queues:88:21)"],"fullName":"AppController (e2e) / (GET)","invocations":1,"location":null,"numPassingAsserts":0,"retryReasons":[],"startAt":1770568368497,"status":"failed","title":"/ (GET)"}],"endTime":1770568369560,"message":"\u001b[1m\u001b[31m  \u001b[1m● \u001b[22m\u001b[1mAppController (e2e) › / (GET)\u001b[39m\u001b[22m\n\n    expected 200 \"OK\", got 404 \"Not Found\"\n\u001b[2m\u001b[22m\n\u001b[2m    \u001b[0m \u001b[90m 20 |\u001b[39m     \u001b[36mreturn\u001b[39m request(app\u001b[33m.\u001b[39mgetHttpServer())\u001b[22m\n\u001b[2m     \u001b[90m 21 |\u001b[39m       \u001b[33m.\u001b[39m\u001b[36mget\u001b[39m(\u001b[32m'/'\u001b[39m)\u001b[22m\n\u001b[2m    \u001b[31m\u001b[1m>\u001b[22m\u001b[2m\u001b[39m\u001b[90m 22 |\u001b[39m       \u001b[33m.\u001b[39mexpect(\u001b[35m200\u001b[39m)\u001b[22m\n\u001b[2m     \u001b[90m    |\u001b[39m        \u001b[31m\u001b[1m^\u001b[22m\u001b[2m\u001b[39m\u001b[22m\n\u001b[2m     \u001b[90m 23 |\u001b[39m       \u001b[33m.\u001b[39mexpect(\u001b[32m'Hello World!'\u001b[39m)\u001b[33m;\u001b[39m\u001b[22m\n\u001b[2m     \u001b[90m 24 |\u001b[39m   })\u001b[33m;\u001b[39m\u001b[22m\n\u001b[2m     \u001b[90m 25 |\u001b[39m })\u001b[33m;\u001b[39m\u001b[0m\u001b[22m\n\u001b[2m\u001b[22m\n\u001b[2m      \u001b[2mat Object.<anonymous> (\u001b[22m\u001b[2m\u001b[0m\u001b[36mapp.e2e-spec.ts\u001b[39m\u001b[0m\u001b[2m:22:8)\u001b[22m\u001b[2m\u001b[22m\n\u001b[2m      ----\u001b[22m\n\u001b[2m      \u001b[2mat Test._assertStatus (\u001b[22m\u001b[2m../node_modules/supertest/lib/test.js\u001b[2m:309:14)\u001b[22m\u001b[2m\u001b[22m\n\u001b[2m      \u001b[2mat \u001b[22m\u001b[2m../node_modules/supertest/lib/test.js\u001b[2m:365:13\u001b[22m\u001b[2m\u001b[22m\n\u001b[2m      \u001b[2mat Test._assertFunction (\u001b[22m\u001b[2m../node_modules/supertest/lib/test.js\u001b[2m:342:13)\u001b[22m\u001b[2m\u001b[22m\n\u001b[2m      \u001b[2mat Test.assert (\u001b[22m\u001b[2m../node_modules/supertest/lib/test.js\u001b[2m:195:23)\u001b[22m\u001b[2m\u001b[22m\n\u001b[2m      \u001b[2mat localAssert (\u001b[22m\u001b[2m../node_modules/supertest/lib/test.js\u001b[2m:138:14)\u001b[22m\u001b[2m\u001b[22m\n\u001b[2m      \u001b[2mat Server.<anonymous> (\u001b[22m\u001b[2m../node_modules/supertest/lib/test.js\u001b[2m:152:11)\u001b[22m\u001b[2m\u001b[22m\n","name":"C:\\Users\\kelto\\OneDrive\\Bureau\\Projects\\event-booking-app\\backend\\test\\app.e2e-spec.ts","startTime":1770568364548,"status":"failed","summary":""}],"wasInterrupted":false}
